#
# There is insufficient memory for the Java Runtime Environment to continue.
# Cannot create GC thread. Out of system resources.
# Possible reasons:
#   The system is out of physical RAM or swap space
#   In 32 bit mode, the process size limit was hit
# Possible solutions:
#   Reduce memory load on the system
#   Increase physical memory or swap space
#   Check if swap backing store is full
#   Use 64 bit Java on a 64 bit OS
#   Decrease Java heap size (-Xmx/-Xms)
#   Decrease number of Java threads
#   Decrease Java thread stack sizes (-Xss)
#   Set larger code cache with -XX:ReservedCodeCacheSize=
# This output file may be truncated or incomplete.
#
#  Out of Memory Error (gcTaskThread.cpp:46), pid=26260, tid=1096636736
#
# JRE version: 7.0_03-b04
# Java VM: Java HotSpot(TM) 64-Bit Server VM (22.1-b02 mixed mode linux-amd64 compressed oops)
# Failed to write core dump. Core dumps have been disabled. To enable core dumping, try "ulimit -c unlimited" before starting Java again
#

---------------  T H R E A D  ---------------

Current thread (0x0000000004e74800):  JavaThread "Unknown thread" [_thread_in_vm, id=26267, stack(0x00000000414d5000,0x00000000415d6000)]

Stack: [0x00000000414d5000,0x00000000415d6000],  sp=0x00000000415d4860,  free space=1022k
Native frames: (J=compiled Java code, j=interpreted, Vv=VM code, C=native code)
V  [libjvm.so+0x8565ba]  VMError::report_and_die()+0x2ea
V  [libjvm.so+0x3e8ae9]  report_vm_out_of_memory(char const*, int, unsigned long, char const*)+0x69
V  [libjvm.so+0x488d5a]  GCTaskThread::GCTaskThread(GCTaskManager*, unsigned int, unsigned int)+0xfa
V  [libjvm.so+0x4876ee]  GCTaskManager::initialize()+0x1be
V  [libjvm.so+0x71b83f]  ParallelScavengeHeap::initialize()+0x6cf
V  [libjvm.so+0x82ec98]  Universe::initialize_heap()+0xb8
V  [libjvm.so+0x83139d]  universe_init()+0x7d
V  [libjvm.so+0x4d38ad]  init_globals()+0x5d
V  [libjvm.so+0x81a2c2]  Threads::create_vm(JavaVMInitArgs*, bool*)+0x1e2
V  [libjvm.so+0x525544]  JNI_CreateJavaVM+0x74
C  [libjli.so+0x31b7]  JavaMain+0x97


---------------  P R O C E S S  ---------------

Java Threads: ( => current thread )

Other Threads:

=>0x0000000004e74800 (exited) JavaThread "Unknown thread" [_thread_in_vm, id=26267, stack(0x00000000414d5000,0x00000000415d6000)]

VM state:not at safepoint (not fully initialized)

VM Mutex/Monitor currently owned by a thread: None

Dynamic libraries:
00400000-00401000 r-xp 00000000 00:18 2543778                            /util/java/jdk1.7.0_03/bin/java
00600000-00601000 rw-p 00000000 00:18 2543778                            /util/java/jdk1.7.0_03/bin/java
04e6d000-04eae000 rw-p 04e6d000 00:00 0                                  [heap]
414d5000-414d8000 ---p 414d5000 00:00 0 
414d8000-415d6000 rw-p 414d8000 00:00 0 
418f1000-418f2000 ---p 418f1000 00:00 0 
418f2000-419f2000 rw-p 418f2000 00:00 0 
419f2000-419f3000 ---p 419f2000 00:00 0 
419f3000-41af3000 rw-p 419f3000 00:00 0 
41af3000-41af4000 ---p 41af3000 00:00 0 
41af4000-41bf4000 rw-p 41af4000 00:00 0 
41bf4000-41bf5000 ---p 41bf4000 00:00 0 
41bf5000-41cf5000 rw-p 41bf5000 00:00 0 
41cf5000-41cf6000 ---p 41cf5000 00:00 0 
41cf6000-41df6000 rw-p 41cf6000 00:00 0 
604200000-6056c0000 rw-p 604200000 00:00 0 
6056c0000-609400000 rw-p 6056c0000 00:00 0 
609400000-61e330000 rw-p 609400000 00:00 0 
61e330000-7586b0000 rw-p 61e330000 00:00 0 
7586b0000-762e40000 rw-p 7586b0000 00:00 0 
762e40000-800000000 rw-p 762e40000 00:00 0 
3f6f600000-3f6f61c000 r-xp 00000000 fd:00 349186                         /lib64/ld-2.5.so
3f6f81b000-3f6f81c000 r--p 0001b000 fd:00 349186                         /lib64/ld-2.5.so
3f6f81c000-3f6f81d000 rw-p 0001c000 fd:00 349186                         /lib64/ld-2.5.so
3f6fe00000-3f6ff4e000 r-xp 00000000 fd:00 349188                         /lib64/libc-2.5.so
3f6ff4e000-3f7014e000 ---p 0014e000 fd:00 349188                         /lib64/libc-2.5.so
3f7014e000-3f70152000 r--p 0014e000 fd:00 349188                         /lib64/libc-2.5.so
3f70152000-3f70153000 rw-p 00152000 fd:00 349188                         /lib64/libc-2.5.so
3f70153000-3f70158000 rw-p 3f70153000 00:00 0 
3f70200000-3f70202000 r-xp 00000000 fd:00 349195                         /lib64/libdl-2.5.so
3f70202000-3f70402000 ---p 00002000 fd:00 349195                         /lib64/libdl-2.5.so
3f70402000-3f70403000 r--p 00002000 fd:00 349195                         /lib64/libdl-2.5.so
3f70403000-3f70404000 rw-p 00003000 fd:00 349195                         /lib64/libdl-2.5.so
3f70600000-3f70682000 r-xp 00000000 fd:00 349203                         /lib64/libm-2.5.so
3f70682000-3f70881000 ---p 00082000 fd:00 349203                         /lib64/libm-2.5.so
3f70881000-3f70882000 r--p 00081000 fd:00 349203                         /lib64/libm-2.5.so
3f70882000-3f70883000 rw-p 00082000 fd:00 349203                         /lib64/libm-2.5.so
3f70a00000-3f70a16000 r-xp 00000000 fd:00 349199                         /lib64/libpthread-2.5.so
3f70a16000-3f70c15000 ---p 00016000 fd:00 349199                         /lib64/libpthread-2.5.so
3f70c15000-3f70c16000 r--p 00015000 fd:00 349199                         /lib64/libpthread-2.5.so
3f70c16000-3f70c17000 rw-p 00016000 fd:00 349199                         /lib64/libpthread-2.5.so
3f70c17000-3f70c1b000 rw-p 3f70c17000 00:00 0 
3f74200000-3f74207000 r-xp 00000000 fd:00 349245                         /lib64/librt-2.5.so
3f74207000-3f74407000 ---p 00007000 fd:00 349245                         /lib64/librt-2.5.so
3f74407000-3f74408000 r--p 00007000 fd:00 349245                         /lib64/librt-2.5.so
3f74408000-3f74409000 rw-p 00008000 fd:00 349245                         /lib64/librt-2.5.so
2aaaaaadb000-2aaaaaaea000 r-xp 00000000 00:18 3918328                    /util/java/jdk1.7.0_03/jre/lib/amd64/libverify.so
2aaaaaaea000-2aaaaace9000 ---p 0000f000 00:18 3918328                    /util/java/jdk1.7.0_03/jre/lib/amd64/libverify.so
2aaaaace9000-2aaaaaceb000 rw-p 0000e000 00:18 3918328                    /util/java/jdk1.7.0_03/jre/lib/amd64/libverify.so
2aaaaaceb000-2aaaaad14000 r-xp 00000000 00:18 13079827                   /util/java/jdk1.7.0_03/jre/lib/amd64/libjava.so
2aaaaad14000-2aaaaaf14000 ---p 00029000 00:18 13079827                   /util/java/jdk1.7.0_03/jre/lib/amd64/libjava.so
2aaaaaf14000-2aaaaaf16000 rw-p 00029000 00:18 13079827                   /util/java/jdk1.7.0_03/jre/lib/amd64/libjava.so
2aaaaaf16000-2aaaaaf17000 r--p 2aaaaaf16000 00:00 0 
2aaaaaf17000-2aaaaaf18000 rw-p 2aaaaaf17000 00:00 0 
2aaaaaf18000-2aaaaaf20000 rw-s 00000000 fd:03 1245439                    /tmp/hsperfdata_kevinsko/26260
2aaaaaf47000-2aaaaaf51000 r-xp 00000000 fd:00 349210                     /lib64/libnss_files-2.5.so
2aaaaaf51000-2aaaab150000 ---p 0000a000 fd:00 349210                     /lib64/libnss_files-2.5.so
2aaaab150000-2aaaab151000 r--p 00009000 fd:00 349210                     /lib64/libnss_files-2.5.so
2aaaab151000-2aaaab152000 rw-p 0000a000 fd:00 349210                     /lib64/libnss_files-2.5.so
2aaaab152000-2aaaab16c000 r-xp 00000000 00:18 3918329                    /util/java/jdk1.7.0_03/jre/lib/amd64/libzip.so
2aaaab16c000-2aaaab36c000 ---p 0001a000 00:18 3918329                    /util/java/jdk1.7.0_03/jre/lib/amd64/libzip.so
2aaaab36c000-2aaaab36d000 rw-p 0001a000 00:18 3918329                    /util/java/jdk1.7.0_03/jre/lib/amd64/libzip.so
2aaaab36d000-2aaaab5dd000 rwxp 2aaaab36d000 00:00 0 
2aaaab5dd000-2aaaae36d000 rw-p 2aaaab5dd000 00:00 0 
2aaaae36d000-2aaaae377000 rw-p 2aaaae36d000 00:00 0 
2aaaae377000-2aaaae42d000 rw-p 2aaaae377000 00:00 0 
2aaaae42d000-2aaaae438000 rw-p 2aaaae42d000 00:00 0 
2aaaae438000-2aaaae456000 rw-p 2aaaae438000 00:00 0 
2aaaae456000-2aaaae4fe000 rw-p 2aaaae456000 00:00 0 
2aaaae4fe000-2aaaaeecf000 rw-p 2aaaae4fe000 00:00 0 
2aaaaeecf000-2aaaaef24000 rw-p 2aaaaeecf000 00:00 0 
2aaaaef24000-2aaaaf40c000 rw-p 2aaaaef24000 00:00 0 
2aaaaf40c000-2aaaaf4b5000 rw-p 2aaaaf40c000 00:00 0 
2aaaaf4b5000-2aaaafe87000 rw-p 2aaaaf4b5000 00:00 0 
2aaaafe87000-2aaaafe92000 rw-p 2aaaafe87000 00:00 0 
2aaaafe92000-2aaaafeb0000 rw-p 2aaaafe92000 00:00 0 
2b085e9cd000-2b085e9cf000 rw-p 2b085e9cd000 00:00 0 
2b085e9fe000-2b085ea14000 r-xp 00000000 00:18 12053811                   /util/java/jdk1.7.0_03/jre/lib/amd64/jli/libjli.so
2b085ea14000-2b085ec13000 ---p 00016000 00:18 12053811                   /util/java/jdk1.7.0_03/jre/lib/amd64/jli/libjli.so
2b085ec13000-2b085ec14000 rw-p 00015000 00:18 12053811                   /util/java/jdk1.7.0_03/jre/lib/amd64/jli/libjli.so
2b085ec14000-2b085ec17000 rw-p 2b085ec14000 00:00 0 
2b085ec17000-2b085f5f7000 r-xp 00000000 00:18 1612759                    /util/java/jdk1.7.0_03/jre/lib/amd64/server/libjvm.so
2b085f5f7000-2b085f7f7000 ---p 009e0000 00:18 1612759                    /util/java/jdk1.7.0_03/jre/lib/amd64/server/libjvm.so
2b085f7f7000-2b085f894000 rw-p 009e0000 00:18 1612759                    /util/java/jdk1.7.0_03/jre/lib/amd64/server/libjvm.so
2b085f894000-2b085f8cd000 rw-p 2b085f894000 00:00 0 
7fff4a5d2000-7fff4a5e7000 rw-p 7ffffffe9000 00:00 0                      [stack]
7fff4a5fc000-7fff4a600000 r-xp 7fff4a5fc000 00:00 0                      [vdso]
ffffffffff600000-ffffffffffe00000 ---p 00000000 00:00 0                  [vsyscall]

VM Arguments:
jvm_args: -Dfile.encoding=UTF-8 
java_command: org.eclipse.jdt.internal.junit.runner.RemoteTestRunner -version 3 -port 54941 -testLoaderClass org.eclipse.jdt.internal.junit4.runner.JUnit4TestLoader -loaderpluginname org.eclipse.jdt.junit4.runtime -test tests.GameTests:testTest
Launcher Type: SUN_STANDARD

Environment Variables:
PATH=/util/bin:/usr/lib64/qt-3.3/bin:/util/bin:/usr/kerberos/bin:/usr/local/bin:/usr/bin:/bin:/usr/X11R6/bin:/util/eclipse:/util/eclipse
USERNAME=kevinsko
LD_LIBRARY_PATH=/usr/lib64/xulrunner-1.9
SHELL=/bin/tcsh
DISPLAY=:15.0
HOSTTYPE=x86_64-linux
OSTYPE=linux
MACHTYPE=x86_64

Signal Handlers:
SIGSEGV: [libjvm.so+0x856f20], sa_mask[0]=0x7ffbfeff, sa_flags=0x10000004
SIGBUS: [libjvm.so+0x856f20], sa_mask[0]=0x7ffbfeff, sa_flags=0x10000004
SIGFPE: [libjvm.so+0x6fd190], sa_mask[0]=0x7ffbfeff, sa_flags=0x10000004
SIGPIPE: [libjvm.so+0x6fd190], sa_mask[0]=0x7ffbfeff, sa_flags=0x10000004
SIGXFSZ: [libjvm.so+0x6fd190], sa_mask[0]=0x7ffbfeff, sa_flags=0x10000004
SIGILL: [libjvm.so+0x6fd190], sa_mask[0]=0x7ffbfeff, sa_flags=0x10000004
SIGUSR1: SIG_DFL, sa_mask[0]=0x00000000, sa_flags=0x00000000
SIGUSR2: [libjvm.so+0x6fcb00], sa_mask[0]=0x00000004, sa_flags=0x10000004
SIGHUP: SIG_DFL, sa_mask[0]=0x00000000, sa_flags=0x00000000
SIGINT: SIG_DFL, sa_mask[0]=0x00000000, sa_flags=0x00000000
SIGTERM: SIG_DFL, sa_mask[0]=0x00000000, sa_flags=0x00000000
SIGQUIT: SIG_DFL, sa_mask[0]=0x00000000, sa_flags=0x00000000


---------------  S Y S T E M  ---------------

OS:Red Hat Enterprise Linux Server release 5.6 (Tikanga)

uname:Linux 2.6.18-238.5.1.el5 #1 SMP Mon Feb 21 05:52:39 EST 2011 x86_64
libc:glibc 2.5 NPTL 2.5 
rlimit: STACK 10240k, CORE 0k, NPROC 200, NOFILE 1024, AS infinity
load average:1.18 0.89 0.70

/proc/meminfo:
MemTotal:     32945428 kB
MemFree:      12571720 kB
Buffers:        688352 kB
Cached:       12230820 kB
SwapCached:          0 kB
Active:       12064172 kB
Inactive:      6725124 kB
HighTotal:           0 kB
HighFree:            0 kB
LowTotal:     32945428 kB
LowFree:      12571720 kB
SwapTotal:    61439992 kB
SwapFree:     61439992 kB
Dirty:            3336 kB
Writeback:           0 kB
AnonPages:     5869340 kB
Mapped:         186228 kB
Slab:          1274272 kB
PageTables:     202976 kB
NFS_Unstable:        0 kB
Bounce:              0 kB
CommitLimit:  77912704 kB
Committed_AS: 18895736 kB
VmallocTotal: 34359738367 kB
VmallocUsed:    293536 kB
VmallocChunk: 34359444735 kB
HugePages_Total:     0
HugePages_Free:      0
HugePages_Rsvd:      0
Hugepagesize:     2048 kB


CPU:total 16 (4 cores per cpu, 2 threads per core) family 6 model 26 stepping 5, cmov, cx8, fxsr, mmx, sse, sse2, sse3, ssse3, sse4.1, sse4.2, popcnt, ht

/proc/cpuinfo:
processor	: 0
vendor_id	: GenuineIntel
cpu family	: 6
model		: 26
model name	: Intel(R) Xeon(R) CPU           E5520  @ 2.27GHz
stepping	: 5
cpu MHz		: 1596.000
cache size	: 8192 KB
physical id	: 1
siblings	: 8
core id		: 0
cpu cores	: 4
apicid		: 16
fpu		: yes
fpu_exception	: yes
cpuid level	: 11
wp		: yes
flags		: fpu vme de pse tsc msr pae mce cx8 apic sep mtrr pge mca cmov pat pse36 clflush dts acpi mmx fxsr sse sse2 ss ht tm syscall nx rdtscp lm constant_tsc ida nonstop_tsc pni monitor ds_cpl vmx est tm2 ssse3 cx16 xtpr sse4_1 sse4_2 popcnt lahf_lm
bogomips	: 4522.11
clflush size	: 64
cache_alignment	: 64
address sizes	: 40 bits physical, 48 bits virtual
power management: [8]

processor	: 1
vendor_id	: GenuineIntel
cpu family	: 6
model		: 26
model name	: Intel(R) Xeon(R) CPU           E5520  @ 2.27GHz
stepping	: 5
cpu MHz		: 1596.000
cache size	: 8192 KB
physical id	: 0
siblings	: 8
core id		: 0
cpu cores	: 4
apicid		: 0
fpu		: yes
fpu_exception	: yes
cpuid level	: 11
wp		: yes
flags		: fpu vme de pse tsc msr pae mce cx8 apic sep mtrr pge mca cmov pat pse36 clflush dts acpi mmx fxsr sse sse2 ss ht tm syscall nx rdtscp lm constant_tsc ida nonstop_tsc pni monitor ds_cpl vmx est tm2 ssse3 cx16 xtpr sse4_1 sse4_2 popcnt lahf_lm
bogomips	: 4522.05
clflush size	: 64
cache_alignment	: 64
address sizes	: 40 bits physical, 48 bits virtual
power management: [8]

processor	: 2
vendor_id	: GenuineIntel
cpu family	: 6
model		: 26
model name	: Intel(R) Xeon(R) CPU           E5520  @ 2.27GHz
stepping	: 5
cpu MHz		: 1596.000
cache size	: 8192 KB
physical id	: 1
siblings	: 8
core id		: 1
cpu cores	: 4
apicid		: 18
fpu		: yes
fpu_exception	: yes
cpuid level	: 11
wp		: yes
flags		: fpu vme de pse tsc msr pae mce cx8 apic sep mtrr pge mca cmov pat pse36 clflush dts acpi mmx fxsr sse sse2 ss ht tm syscall nx rdtscp lm constant_tsc ida nonstop_tsc pni monitor ds_cpl vmx est tm2 ssse3 cx16 xtpr sse4_1 sse4_2 popcnt lahf_lm
bogomips	: 4522.03
clflush size	: 64
cache_alignment	: 64
address sizes	: 40 bits physical, 48 bits virtual
power management: [8]

processor	: 3
vendor_id	: GenuineIntel
cpu family	: 6
model		: 26
model name	: Intel(R) Xeon(R) CPU           E5520  @ 2.27GHz
stepping	: 5
cpu MHz		: 1596.000
cache size	: 8192 KB
physical id	: 0
siblings	: 8
core id		: 1
cpu cores	: 4
apicid		: 2
fpu		: yes
fpu_exception	: yes
cpuid level	: 11
wp		: yes
flags		: fpu vme de pse tsc msr pae mce cx8 apic sep mtrr pge mca cmov pat pse36 clflush dts acpi mmx fxsr sse sse2 ss ht tm syscall nx rdtscp lm constant_tsc ida nonstop_tsc pni monitor ds_cpl vmx est tm2 ssse3 cx16 xtpr sse4_1 sse4_2 popcnt lahf_lm
bogomips	: 4522.05
clflush size	: 64
cache_alignment	: 64
address sizes	: 40 bits physical, 48 bits virtual
power management: [8]

processor	: 4
vendor_id	: GenuineIntel
cpu family	: 6
model		: 26
model name	: Intel(R) Xeon(R) CPU           E5520  @ 2.27GHz
stepping	: 5
cpu MHz		: 1596.000
cache size	: 8192 KB
physical id	: 1
siblings	: 8
core id		: 2
cpu cores	: 4
apicid		: 20
fpu		: yes
fpu_exception	: yes
cpuid level	: 11
wp		: yes
flags		: fpu vme de pse tsc msr pae mce cx8 apic sep mtrr pge mca cmov pat pse36 clflush dts acpi mmx fxsr sse sse2 ss ht tm syscall nx rdtscp lm constant_tsc ida nonstop_tsc pni monitor ds_cpl vmx est tm2 ssse3 cx16 xtpr sse4_1 sse4_2 popcnt lahf_lm
bogomips	: 4522.04
clflush size	: 64
cache_alignment	: 64
address sizes	: 40 bits physical, 48 bits virtual
power management: [8]

processor	: 5
vendor_id	: GenuineIntel
cpu family	: 6
model		: 26
model name	: Intel(R) Xeon(R) CPU           E5520  @ 2.27GHz
stepping	: 5
cpu MHz		: 1596.000
cache size	: 8192 KB
physical id	: 0
siblings	: 8
core id		: 2
cpu cores	: 4
apicid		: 4
fpu		: yes
fpu_exception	: yes
cpuid level	: 11
wp		: yes
flags		: fpu vme de pse tsc msr pae mce cx8 apic sep mtrr pge mca cmov pat pse36 clflush dts acpi mmx fxsr sse sse2 ss ht tm syscall nx rdtscp lm constant_tsc ida nonstop_tsc pni monitor ds_cpl vmx est tm2 ssse3 cx16 xtpr sse4_1 sse4_2 popcnt lahf_lm
bogomips	: 4522.03
clflush size	: 64
cache_alignment	: 64
address sizes	: 40 bits physical, 48 bits virtual
power management: [8]

processor	: 6
vendor_id	: GenuineIntel
cpu family	: 6
model		: 26
model name	: Intel(R) Xeon(R) CPU           E5520  @ 2.27GHz
stepping	: 5
cpu MHz		: 1596.000
cache size	: 8192 KB
physical id	: 1
siblings	: 8
core id		: 3
cpu cores	: 4
apicid		: 22
fpu		: yes
fpu_exception	: yes
cpuid level	: 11
wp		: yes
flags		: fpu vme de pse tsc msr pae mce cx8 apic sep mtrr pge mca cmov pat pse36 clflush dts acpi mmx fxsr sse sse2 ss ht tm syscall nx rdtscp lm constant_tsc ida nonstop_tsc pni monitor ds_cpl vmx est tm2 ssse3 cx16 xtpr sse4_1 sse4_2 popcnt lahf_lm
bogomips	: 4521.96
clflush size	: 64
cache_alignment	: 64
address sizes	: 40 bits physical, 48 bits virtual
power management: [8]

processor	: 7
vendor_id	: GenuineIntel
cpu family	: 6
model		: 26
model name	: Intel(R) Xeon(R) CPU           E5520  @ 2.27GHz
stepping	: 5
cpu MHz		: 1596.000
cache size	: 8192 KB
physical id	: 0
siblings	: 8
core id		: 3
cpu cores	: 4
apicid		: 6
fpu		: yes
fpu_exception	: yes
cpuid level	: 11
wp		: yes
flags		: fpu vme de pse tsc msr pae mce cx8 apic sep mtrr pge mca cmov pat pse36 clflush dts acpi mmx fxsr sse sse2 ss ht tm syscall nx rdtscp lm constant_tsc ida nonstop_tsc pni monitor ds_cpl vmx est tm2 ssse3 cx16 xtpr sse4_1 sse4_2 popcnt lahf_lm
bogomips	: 4522.03
clflush size	: 64
cache_alignment	: 64
address sizes	: 40 bits physical, 48 bits virtual
power management: [8]

processor	: 8
vendor_id	: GenuineIntel
cpu family	: 6
model		: 26
model name	: Intel(R) Xeon(R) CPU           E5520  @ 2.27GHz
stepping	: 5
cpu MHz		: 1596.000
cache size	: 8192 KB
physical id	: 1
siblings	: 8
core id		: 0
cpu cores	: 4
apicid		: 17
fpu		: yes
fpu_exception	: yes
cpuid level	: 11
wp		: yes
flags		: fpu vme de pse tsc msr pae mce cx8 apic sep mtrr pge mca cmov pat pse36 clflush dts acpi mmx fxsr sse sse2 ss ht tm syscall nx rdtscp lm constant_tsc ida nonstop_tsc pni monitor ds_cpl vmx est tm2 ssse3 cx16 xtpr sse4_1 sse4_2 popcnt lahf_lm
bogomips	: 4522.03
clflush size	: 64
cache_alignment	: 64
address sizes	: 40 bits physical, 48 bits virtual
power management: [8]

processor	: 9
vendor_id	: GenuineIntel
cpu family	: 6
model		: 26
model name	: Intel(R) Xeon(R) CPU           E5520  @ 2.27GHz
stepping	: 5
cpu MHz		: 1596.000
cache size	: 8192 KB
physical id	: 0
siblings	: 8
core id		: 0
cpu cores	: 4
apicid		: 1
fpu		: yes
fpu_exception	: yes
cpuid level	: 11
wp		: yes
flags		: fpu vme de pse tsc msr pae mce cx8 apic sep mtrr pge mca cmov pat pse36 clflush dts acpi mmx fxsr sse sse2 ss ht tm syscall nx rdtscp lm constant_tsc ida nonstop_tsc pni monitor ds_cpl vmx est tm2 ssse3 cx16 xtpr sse4_1 sse4_2 popcnt lahf_lm
bogomips	: 4522.04
clflush size	: 64
cache_alignment	: 64
address sizes	: 40 bits physical, 48 bits virtual
power management: [8]

processor	: 10
vendor_id	: GenuineIntel
cpu family	: 6
model		: 26
model name	: Intel(R) Xeon(R) CPU           E5520  @ 2.27GHz
stepping	: 5
cpu MHz		: 1596.000
cache size	: 8192 KB
physical id	: 1
siblings	: 8
core id		: 1
cpu cores	: 4
apicid		: 19
fpu		: yes
fpu_exception	: yes
cpuid level	: 11
wp		: yes
flags		: fpu vme de pse tsc msr pae mce cx8 apic sep mtrr pge mca cmov pat pse36 clflush dts acpi mmx fxsr sse sse2 ss ht tm syscall nx rdtscp lm constant_tsc ida nonstop_tsc pni monitor ds_cpl vmx est tm2 ssse3 cx16 xtpr sse4_1 sse4_2 popcnt lahf_lm
bogomips	: 4522.03
clflush size	: 64
cache_alignment	: 64
address sizes	: 40 bits physical, 48 bits virtual
power management: [8]

processor	: 11
vendor_id	: GenuineIntel
cpu family	: 6
model		: 26
model name	: Intel(R) Xeon(R) CPU           E5520  @ 2.27GHz
stepping	: 5
cpu MHz		: 1596.000
cache size	: 8192 KB
physical id	: 0
siblings	: 8
core id		: 1
cpu cores	: 4
apicid		: 3
fpu		: yes
fpu_exception	: yes
cpuid level	: 11
wp		: yes
flags		: fpu vme de pse tsc msr pae mce cx8 apic sep mtrr pge mca cmov pat pse36 clflush dts acpi mmx fxsr sse sse2 ss ht tm syscall nx rdtscp lm constant_tsc ida nonstop_tsc pni monitor ds_cpl vmx est tm2 ssse3 cx16 xtpr sse4_1 sse4_2 popcnt lahf_lm
bogomips	: 4522.04
clflush size	: 64
cache_alignment	: 64
address sizes	: 40 bits physical, 48 bits virtual
power management: [8]

processor	: 12
vendor_id	: GenuineIntel
cpu family	: 6
model		: 26
model name	: Intel(R) Xeon(R) CPU           E5520  @ 2.27GHz
stepping	: 5
cpu MHz		: 1596.000
cache size	: 8192 KB
physical id	: 1
siblings	: 8
core id		: 2
cpu cores	: 4
apicid		: 21
fpu		: yes
fpu_exception	: yes
cpuid level	: 11
wp		: yes
flags		: fpu vme de pse tsc msr pae mce cx8 apic sep mtrr pge mca cmov pat pse36 clflush dts acpi mmx fxsr sse sse2 ss ht tm syscall nx rdtscp lm constant_tsc ida nonstop_tsc pni monitor ds_cpl vmx est tm2 ssse3 cx16 xtpr sse4_1 sse4_2 popcnt lahf_lm
bogomips	: 4522.04
clflush size	: 64
cache_alignment	: 64
address sizes	: 40 bits physical, 48 bits virtual
power management: [8]

processor	: 13
vendor_id	: GenuineIntel
cpu family	: 6
model		: 26
model name	: Intel(R) Xeon(R) CPU           E5520  @ 2.27GHz
stepping	: 5
cpu MHz		: 1596.000
cache size	: 8192 KB
physical id	: 0
siblings	: 8
core id		: 2
cpu cores	: 4
apicid		: 5
fpu		: yes
fpu_exception	: yes
cpuid level	: 11
wp		: yes
flags		: fpu vme de pse tsc msr pae mce cx8 apic sep mtrr pge mca cmov pat pse36 clflush dts acpi mmx fxsr sse sse2 ss ht tm syscall nx rdtscp lm constant_tsc ida nonstop_tsc pni monitor ds_cpl vmx est tm2 ssse3 cx16 xtpr sse4_1 sse4_2 popcnt lahf_lm
bogomips	: 4522.04
clflush size	: 64
cache_alignment	: 64
address sizes	: 40 bits physical, 48 bits virtual
power management: [8]

processor	: 14
vendor_id	: GenuineIntel
cpu family	: 6
model		: 26
model name	: Intel(R) Xeon(R) CPU           E5520  @ 2.27GHz
stepping	: 5
cpu MHz		: 1596.000
cache size	: 8192 KB
physical id	: 1
siblings	: 8
core id		: 3
cpu cores	: 4
apicid		: 23
fpu		: yes
fpu_exception	: yes
cpuid level	: 11
wp		: yes
flags		: fpu vme de pse tsc msr pae mce cx8 apic sep mtrr pge mca cmov pat pse36 clflush dts acpi mmx fxsr sse sse2 ss ht tm syscall nx rdtscp lm constant_tsc ida nonstop_tsc pni monitor ds_cpl vmx est tm2 ssse3 cx16 xtpr sse4_1 sse4_2 popcnt lahf_lm
bogomips	: 4522.03
clflush size	: 64
cache_alignment	: 64
address sizes	: 40 bits physical, 48 bits virtual
power management: [8]

processor	: 15
vendor_id	: GenuineIntel
cpu family	: 6
model		: 26
model name	: Intel(R) Xeon(R) CPU           E5520  @ 2.27GHz
stepping	: 5
cpu MHz		: 1596.000
cache size	: 8192 KB
physical id	: 0
siblings	: 8
core id		: 3
cpu cores	: 4
apicid		: 7
fpu		: yes
fpu_exception	: yes
cpuid level	: 11
wp		: yes
flags		: fpu vme de pse tsc msr pae mce cx8 apic sep mtrr pge mca cmov pat pse36 clflush dts acpi mmx fxsr sse sse2 ss ht tm syscall nx rdtscp lm constant_tsc ida nonstop_tsc pni monitor ds_cpl vmx est tm2 ssse3 cx16 xtpr sse4_1 sse4_2 popcnt lahf_lm
bogomips	: 4522.04
clflush size	: 64
cache_alignment	: 64
address sizes	: 40 bits physical, 48 bits virtual
power management: [8]



Memory: 4k page, physical 32945428k(12571720k free), swap 61439992k(61439992k free)

vm_info: Java HotSpot(TM) 64-Bit Server VM (22.1-b02) for linux-amd64 JRE (1.7.0_03-b04), built on Jan 20 2012 11:58:56 by "java_re" with gcc 4.3.0 20080428 (Red Hat 4.3.0-8)

time: Mon Apr  2 17:02:43 2012
elapsed time: 0 seconds

